<?xml version="1.0" encoding="UTF-8"?>
<!-- Generated by org.testng.reporters.JUnitReportReporter -->
<testsuite hostname="DESKTOP-Q7863FJ" failures="0" tests="1" name="mavenTest1.test1" time="7.297" errors="0" timestamp="2022-08-19T13:18:55 IST" skipped="0">
  <testcase classname="mavenTest1.test1" name="login" time="7.297"/>
  <system-out/>
</testsuite> <!-- mavenTest1.test1 -->
