<?xml version="1.0" encoding="UTF-8"?>
<!-- Generated by org.testng.reporters.JUnitReportReporter -->
<testsuite hostname="DESKTOP-Q7863FJ" failures="0" tests="1" name="mavenTest1.SecTest" time="0.002" errors="0" timestamp="2022-08-21T14:44:44 IST" skipped="0">
  <testcase classname="mavenTest1.SecTest" name="check" time="0.002"/>
</testsuite> <!-- mavenTest1.SecTest -->
