<?xml version="1.0" encoding="UTF-8"?>
<!-- Generated by org.testng.reporters.JUnitReportReporter -->
<testsuite hostname="DESKTOP-Q7863FJ" failures="0" tests="1" name="mavenTest1.openFaceTest" time="11.463" errors="0" timestamp="2022-08-21T14:44:44 IST" skipped="0">
  <testcase classname="mavenTest1.openFaceTest" name="login" time="11.463"/>
</testsuite> <!-- mavenTest1.openFaceTest -->
